  Extension.cpp
D:\LibertyDevelop\Extensions\ParticleSystem\Extension.cpp(425): error C2039: 'gccMajorVersion': 'gd::CompilationInfo'의 멤버가 아닙니다.
  D:\LibertyDevelop\Core\GDCore/Extensions/PlatformExtension.h(46): note: 'gd::CompilationInfo' 선언을 참조하십시오.
D:\LibertyDevelop\Extensions\ParticleSystem\Extension.cpp(425): error C2065: '__GNUC__': 선언되지 않은 식별자입니다.
D:\LibertyDevelop\Extensions\ParticleSystem\Extension.cpp(425): error C2039: 'gccMinorVersion': 'gd::CompilationInfo'의 멤버가 아닙니다.
  D:\LibertyDevelop\Core\GDCore/Extensions/PlatformExtension.h(46): note: 'gd::CompilationInfo' 선언을 참조하십시오.
D:\LibertyDevelop\Extensions\ParticleSystem\Extension.cpp(425): error C2065: '__GNUC_MINOR__': 선언되지 않은 식별자입니다.
D:\LibertyDevelop\Extensions\ParticleSystem\Extension.cpp(425): error C2039: 'gccPatchLevel': 'gd::CompilationInfo'의 멤버가 아닙니다.
  D:\LibertyDevelop\Core\GDCore/Extensions/PlatformExtension.h(46): note: 'gd::CompilationInfo' 선언을 참조하십시오.
D:\LibertyDevelop\Extensions\ParticleSystem\Extension.cpp(425): error C2065: '__GNUC_PATCHLEVEL__': 선언되지 않은 식별자입니다.
D:\LibertyDevelop\Extensions\ParticleSystem\Extension.cpp(432): error C2059: 구문 오류: '__declspec(dllexport)'
D:\LibertyDevelop\Extensions\ParticleSystem\Extension.cpp(432): error C2143: 구문 오류: ';'이(가) '{' 앞에 없습니다.
D:\LibertyDevelop\Extensions\ParticleSystem\Extension.cpp(432): error C2447: '{': 함수 헤더가 없습니다. 이전 스타일의 형식 목록입니까?
  ExtensionSubDeclaration1.cpp
  ExtensionSubDeclaration2.cpp
  ExtensionSubDeclaration3.cpp
  JsExtension.cpp
D:\LibertyDevelop\Extensions\ParticleSystem\JsExtension.cpp(210): error C2039: 'gccMajorVersion': 'gd::CompilationInfo'의 멤버가 아닙니다.
  D:\LibertyDevelop\Core\GDCore/Extensions/PlatformExtension.h(46): note: 'gd::CompilationInfo' 선언을 참조하십시오.
D:\LibertyDevelop\Extensions\ParticleSystem\JsExtension.cpp(210): error C2065: '__GNUC__': 선언되지 않은 식별자입니다.
D:\LibertyDevelop\Extensions\ParticleSystem\JsExtension.cpp(210): error C2039: 'gccMinorVersion': 'gd::CompilationInfo'의 멤버가 아닙니다.
  D:\LibertyDevelop\Core\GDCore/Extensions/PlatformExtension.h(46): note: 'gd::CompilationInfo' 선언을 참조하십시오.
D:\LibertyDevelop\Extensions\ParticleSystem\JsExtension.cpp(210): error C2065: '__GNUC_MINOR__': 선언되지 않은 식별자입니다.
D:\LibertyDevelop\Extensions\ParticleSystem\JsExtension.cpp(210): error C2039: 'gccPatchLevel': 'gd::CompilationInfo'의 멤버가 아닙니다.
  D:\LibertyDevelop\Core\GDCore/Extensions/PlatformExtension.h(46): note: 'gd::CompilationInfo' 선언을 참조하십시오.
D:\LibertyDevelop\Extensions\ParticleSystem\JsExtension.cpp(210): error C2065: '__GNUC_PATCHLEVEL__': 선언되지 않은 식별자입니다.
D:\LibertyDevelop\Extensions\ParticleSystem\JsExtension.cpp(223): error C2059: 구문 오류: '__declspec(dllexport)'
D:\LibertyDevelop\Extensions\ParticleSystem\JsExtension.cpp(223): error C2143: 구문 오류: ';'이(가) '{' 앞에 없습니다.
D:\LibertyDevelop\Extensions\ParticleSystem\JsExtension.cpp(223): error C2447: '{': 함수 헤더가 없습니다. 이전 스타일의 형식 목록입니까?
  ParticleEmitterObject.cpp
D:\LibertyDevelop\ExtLibs\SFML\include\SFML/Window/WindowHandle.hpp : warning C4819: 현재 코드 페이지(949)에서 표시할 수 없는 문자가 파일에 들어 있습니다. 데이터가 손실되지 않게 하려면 해당 파일을 유니코드 형식으로 저장하십시오.
  코드를 생성하고 있습니다...
