  CppCodeEvent.cpp
D:\LibertyDevelop\ExtLibs\SFML\include\SFML/Window/WindowHandle.hpp : warning C4819: 현재 코드 페이지(949)에서 표시할 수 없는 문자가 파일에 들어 있습니다. 데이터가 손실되지 않게 하려면 해당 파일을 유니코드 형식으로 저장하십시오.
  ProfileEvent.cpp
D:\LibertyDevelop\GDCpp\.\GDCpp/Runtime/btScalar.h : warning C4819: 현재 코드 페이지(949)에서 표시할 수 없는 문자가 파일에 들어 있습니다. 데이터가 손실되지 않게 하려면 해당 파일을 유니코드 형식으로 저장하십시오.
D:\LibertyDevelop\GDCpp\.\GDCpp/Runtime/btScalar.h : warning C4819: 현재 코드 페이지(949)에서 표시할 수 없는 문자가 파일에 들어 있습니다. 데이터가 손실되지 않게 하려면 해당 파일을 유니코드 형식으로 저장하십시오.
  EventsCodeGenerator.cpp
D:\LibertyDevelop\GDCpp\.\GDCpp/Runtime/btScalar.h : warning C4819: 현재 코드 페이지(949)에서 표시할 수 없는 문자가 파일에 들어 있습니다. 데이터가 손실되지 않게 하려면 해당 파일을 유니코드 형식으로 저장하십시오.
D:\LibertyDevelop\GDCpp\.\GDCpp/Runtime/btScalar.h : warning C4819: 현재 코드 페이지(949)에서 표시할 수 없는 문자가 파일에 들어 있습니다. 데이터가 손실되지 않게 하려면 해당 파일을 유니코드 형식으로 저장하십시오.
D:\LibertyDevelop\GDCpp\GDCpp\Events\CodeGeneration\EventsCodeGenerator.cpp(478): error C2039: 'GetObjectA': 'gd::Layout'의 멤버가 아닙니다.
  D:\LibertyDevelop\Core\GDCore/Project/Object.h(19): note: 'gd::Layout' 선언을 참조하십시오.
D:\LibertyDevelop\GDCpp\GDCpp\Events\CodeGeneration\EventsCodeGenerator.cpp(481): error C2039: 'GetObjectA': 'gd::Project'의 멤버가 아닙니다.
  D:\LibertyDevelop\Core\GDCore/Project/Object.h(18): note: 'gd::Project' 선언을 참조하십시오.
  CommonInstructionsExtension.cpp
  KeyboardTools.cpp
D:\LibertyDevelop\ExtLibs\SFML\include\SFML/Window/WindowHandle.hpp : warning C4819: 현재 코드 페이지(949)에서 표시할 수 없는 문자가 파일에 들어 있습니다. 데이터가 손실되지 않게 하려면 해당 파일을 유니코드 형식으로 저장하십시오.
D:\LibertyDevelop\GDCpp\GDCpp\Extensions\Builtin\KeyboardTools.cpp(13): error C2375: 'IsKeyPressed': 재정의. 링크가 다릅니다.
  D:\LibertyDevelop\GDCpp\.\GDCpp/Extensions/Builtin/KeyboardTools.h(15): note: 'IsKeyPressed' 선언을 참조하십시오.
D:\LibertyDevelop\GDCpp\GDCpp\Extensions\Builtin\KeyboardTools.cpp(17): error C2375: 'WasKeyReleased': 재정의. 링크가 다릅니다.
  D:\LibertyDevelop\GDCpp\.\GDCpp/Extensions/Builtin/KeyboardTools.h(16): note: 'WasKeyReleased' 선언을 참조하십시오.
D:\LibertyDevelop\GDCpp\GDCpp\Extensions\Builtin\KeyboardTools.cpp(21): error C2375: 'AnyKeyIsPressed': 재정의. 링크가 다릅니다.
  D:\LibertyDevelop\GDCpp\.\GDCpp/Extensions/Builtin/KeyboardTools.h(17): note: 'AnyKeyIsPressed' 선언을 참조하십시오.
D:\LibertyDevelop\GDCpp\GDCpp\Extensions\Builtin\KeyboardTools.cpp(25): error C2375: 'LastPressedKey': 재정의. 링크가 다릅니다.
  D:\LibertyDevelop\GDCpp\.\GDCpp/Extensions/Builtin/KeyboardTools.h(18): note: 'LastPressedKey' 선언을 참조하십시오.
  RuntimeSceneTools.cpp
D:\LibertyDevelop\GDCpp\.\GDCpp/Extensions/Builtin/RuntimeSceneTools.h(187): error C2059: 구문 오류: '__declspec(dllexport)'
D:\LibertyDevelop\GDCpp\.\GDCpp/Extensions/Builtin/RuntimeSceneTools.h(197): error C2059: 구문 오류: '__declspec(dllexport)'
D:\LibertyDevelop\GDCpp\.\GDCpp/Extensions/Builtin/RuntimeSceneTools.h(225): error C2059: 구문 오류: '__declspec(dllexport)'
D:\LibertyDevelop\ExtLibs\SFML\include\SFML/Window/WindowHandle.hpp : warning C4819: 현재 코드 페이지(949)에서 표시할 수 없는 문자가 파일에 들어 있습니다. 데이터가 손실되지 않게 하려면 해당 파일을 유니코드 형식으로 저장하십시오.
D:\LibertyDevelop\GDCpp\.\GDCpp/Runtime/btScalar.h : warning C4819: 현재 코드 페이지(949)에서 표시할 수 없는 문자가 파일에 들어 있습니다. 데이터가 손실되지 않게 하려면 해당 파일을 유니코드 형식으로 저장하십시오.
D:\LibertyDevelop\GDCpp\.\GDCpp/Runtime/btScalar.h : warning C4819: 현재 코드 페이지(949)에서 표시할 수 없는 문자가 파일에 들어 있습니다. 데이터가 손실되지 않게 하려면 해당 파일을 유니코드 형식으로 저장하십시오.
D:\LibertyDevelop\GDCpp\GDCpp\Extensions\Builtin\RuntimeSceneTools.cpp(307): error C2059: 구문 오류: '__declspec(dllexport)'
D:\LibertyDevelop\GDCpp\GDCpp\Extensions\Builtin\RuntimeSceneTools.cpp(307): error C2143: 구문 오류: ';'이(가) '{' 앞에 없습니다.
D:\LibertyDevelop\GDCpp\GDCpp\Extensions\Builtin\RuntimeSceneTools.cpp(307): error C2447: '{': 함수 헤더가 없습니다. 이전 스타일의 형식 목록입니까?
D:\LibertyDevelop\GDCpp\GDCpp\Extensions\Builtin\RuntimeSceneTools.cpp(335): error C2059: 구문 오류: '__declspec(dllexport)'
D:\LibertyDevelop\GDCpp\GDCpp\Extensions\Builtin\RuntimeSceneTools.cpp(335): error C2143: 구문 오류: ';'이(가) '{' 앞에 없습니다.
D:\LibertyDevelop\GDCpp\GDCpp\Extensions\Builtin\RuntimeSceneTools.cpp(335): error C2447: '{': 함수 헤더가 없습니다. 이전 스타일의 형식 목록입니까?
D:\LibertyDevelop\GDCpp\GDCpp\Extensions\Builtin\RuntimeSceneTools.cpp(356): error C2059: 구문 오류: '__declspec(dllexport)'
D:\LibertyDevelop\GDCpp\GDCpp\Extensions\Builtin\RuntimeSceneTools.cpp(356): error C2143: 구문 오류: ';'이(가) '{' 앞에 없습니다.
D:\LibertyDevelop\GDCpp\GDCpp\Extensions\Builtin\RuntimeSceneTools.cpp(356): error C2447: '{': 함수 헤더가 없습니다. 이전 스타일의 형식 목록입니까?
  SceneExtension.cpp
  CppPlatform.cpp
D:\LibertyDevelop\ExtLibs\SFML\include\SFML/Window/WindowHandle.hpp : warning C4819: 현재 코드 페이지(949)에서 표시할 수 없는 문자가 파일에 들어 있습니다. 데이터가 손실되지 않게 하려면 해당 파일을 유니코드 형식으로 저장하십시오.
D:\LibertyDevelop\GDCpp\GDCpp\Extensions\CppPlatform.cpp(210): error C2059: 구문 오류: '__declspec(dllexport)'
D:\LibertyDevelop\GDCpp\GDCpp\Extensions\CppPlatform.cpp(210): error C2143: 구문 오류: ';'이(가) '{' 앞에 없습니다.
D:\LibertyDevelop\GDCpp\GDCpp\Extensions\CppPlatform.cpp(210): error C2447: '{': 함수 헤더가 없습니다. 이전 스타일의 형식 목록입니까?
  BaseDebugger.cpp
  BaseProfiler.cpp
D:\LibertyDevelop\GDCpp\.\GDCpp/Runtime/btScalar.h : warning C4819: 현재 코드 페이지(949)에서 표시할 수 없는 문자가 파일에 들어 있습니다. 데이터가 손실되지 않게 하려면 해당 파일을 유니코드 형식으로 저장하십시오.
D:\LibertyDevelop\GDCpp\.\GDCpp/Runtime/btScalar.h : warning C4819: 현재 코드 페이지(949)에서 표시할 수 없는 문자가 파일에 들어 있습니다. 데이터가 손실되지 않게 하려면 해당 파일을 유니코드 형식으로 저장하십시오.
  CodeExecutionEngine.cpp
D:\LibertyDevelop\Core\GDCore/Tools/DynamicLibrariesTools.h(40): error C2059: 구문 오류: '__declspec(dllimport)'
D:\LibertyDevelop\GDCpp\GDCpp\Runtime\CodeExecutionEngine.cpp(52): error C2039: 'GetSymbol': 'gd'의 멤버가 아닙니다.
  D:\LibertyDevelop\Core\GDCore/Tools/Log.h(11): note: 'gd' 선언을 참조하십시오.
D:\LibertyDevelop\GDCpp\GDCpp\Runtime\CodeExecutionEngine.cpp(52): error C3861: 'GetSymbol': 식별자를 찾을 수 없습니다.
  RuntimeScene.cpp
D:\LibertyDevelop\ExtLibs\SFML\include\SFML/Window/WindowHandle.hpp : warning C4819: 현재 코드 페이지(949)에서 표시할 수 없는 문자가 파일에 들어 있습니다. 데이터가 손실되지 않게 하려면 해당 파일을 유니코드 형식으로 저장하십시오.
D:\LibertyDevelop\GDCpp\.\GDCpp/Runtime/btScalar.h : warning C4819: 현재 코드 페이지(949)에서 표시할 수 없는 문자가 파일에 들어 있습니다. 데이터가 손실되지 않게 하려면 해당 파일을 유니코드 형식으로 저장하십시오.
D:\LibertyDevelop\GDCpp\.\GDCpp/Runtime/btScalar.h : warning C4819: 현재 코드 페이지(949)에서 표시할 수 없는 문자가 파일에 들어 있습니다. 데이터가 손실되지 않게 하려면 해당 파일을 유니코드 형식으로 저장하십시오.
D:\LibertyDevelop\Core\GDCore/Tools/DynamicLibrariesTools.h(40): error C2059: 구문 오류: '__declspec(dllimport)'
  SceneStack.cpp
D:\LibertyDevelop\Core\GDCore/Tools/DynamicLibrariesTools.h(40): error C2059: 구문 오류: '__declspec(dllimport)'
D:\LibertyDevelop\ExtLibs\SFML\include\SFML/Window/WindowHandle.hpp : warning C4819: 현재 코드 페이지(949)에서 표시할 수 없는 문자가 파일에 들어 있습니다. 데이터가 손실되지 않게 하려면 해당 파일을 유니코드 형식으로 저장하십시오.
  SoundManager.cpp
D:\LibertyDevelop\ExtLibs\SFML\include\SFML/Window/WindowHandle.hpp : warning C4819: 현재 코드 페이지(949)에서 표시할 수 없는 문자가 파일에 들어 있습니다. 데이터가 손실되지 않게 하려면 해당 파일을 유니코드 형식으로 저장하십시오.
  TimeManager.cpp
  XmlFilesHelper.cpp
  코드를 생성하고 있습니다...
